<?xml version="1.0" encoding="UTF-8"?>
<testng-results skipped="0" failed="0" ignored="0" total="1" passed="1">
  <reporter-output>
  </reporter-output>
  <suite name="Default suite" duration-ms="32262" started-at="2021-10-24T14:09:21 IST" finished-at="2021-10-24T14:09:53 IST">
    <groups>
      <group name="smoketest">
        <method signature="TC_01createContact.createContact()[pri:0, instance:com.Vtiger.comContacts.xml.TC_01createContact@7e0e6aa2]" name="createContact" class="com.Vtiger.comContacts.xml.TC_01createContact"/>
      </group> <!-- smoketest -->
    </groups>
    <test name="Default test" duration-ms="32262" started-at="2021-10-24T14:09:21 IST" finished-at="2021-10-24T14:09:53 IST">
      <class name="com.Vtiger.comContacts.xml.TC_01createContact">
        <test-method status="PASS" signature="connectDB()[pri:0, instance:com.Vtiger.comContacts.xml.TC_01createContact@7e0e6aa2]" name="connectDB" is-config="true" duration-ms="28" started-at="2021-10-24T14:09:21 IST" finished-at="2021-10-24T14:09:21 IST">
          <reporter-output>
          </reporter-output>
        </test-method> <!-- connectDB -->
        <test-method status="PASS" signature="launchBrowser(java.lang.String)[pri:0, instance:com.Vtiger.comContacts.xml.TC_01createContact@7e0e6aa2]" name="launchBrowser" is-config="true" duration-ms="6007" started-at="2021-10-24T14:09:21 IST" finished-at="2021-10-24T14:09:27 IST">
          <params>
            <param index="0">
              <value>
                <![CDATA[chrome]]>
              </value>
            </param>
          </params>
          <reporter-output>
          </reporter-output>
        </test-method> <!-- launchBrowser -->
        <test-method status="PASS" signature="login()[pri:0, instance:com.Vtiger.comContacts.xml.TC_01createContact@7e0e6aa2]" name="login" is-config="true" duration-ms="7136" started-at="2021-10-24T14:09:27 IST" finished-at="2021-10-24T14:09:35 IST">
          <reporter-output>
          </reporter-output>
        </test-method> <!-- login -->
        <test-method status="PASS" signature="createContact()[pri:0, instance:com.Vtiger.comContacts.xml.TC_01createContact@7e0e6aa2]" name="createContact" duration-ms="16545" started-at="2021-10-24T14:09:35 IST" finished-at="2021-10-24T14:09:51 IST">
          <reporter-output>
          </reporter-output>
        </test-method> <!-- createContact -->
        <test-method status="PASS" signature="logout()[pri:0, instance:com.Vtiger.comContacts.xml.TC_01createContact@7e0e6aa2]" name="logout" is-config="true" duration-ms="1831" started-at="2021-10-24T14:09:51 IST" finished-at="2021-10-24T14:09:53 IST">
          <reporter-output>
          </reporter-output>
        </test-method> <!-- logout -->
        <test-method status="PASS" signature="closeBrowser()[pri:0, instance:com.Vtiger.comContacts.xml.TC_01createContact@7e0e6aa2]" name="closeBrowser" is-config="true" duration-ms="176" started-at="2021-10-24T14:09:53 IST" finished-at="2021-10-24T14:09:53 IST">
          <reporter-output>
          </reporter-output>
        </test-method> <!-- closeBrowser -->
        <test-method status="PASS" signature="closeDB()[pri:0, instance:com.Vtiger.comContacts.xml.TC_01createContact@7e0e6aa2]" name="closeDB" is-config="true" duration-ms="1" started-at="2021-10-24T14:09:54 IST" finished-at="2021-10-24T14:09:54 IST">
          <reporter-output>
          </reporter-output>
        </test-method> <!-- closeDB -->
      </class> <!-- com.Vtiger.comContacts.xml.TC_01createContact -->
    </test> <!-- Default test -->
  </suite> <!-- Default suite -->
</testng-results>
