<?xml version="1.0" encoding="UTF-8"?>
<!-- Generated by org.testng.reporters.JUnitXMLReporter -->
<testsuite hostname="SOHAN-PC" ignored="3" name="Test" tests="1" failures="0" timestamp="2021-10-07T17:38:27 IST" time="25.24" errors="0">
  <testcase name="createContact" time="12.588" classname="com.Vtiger.comContacts.TC_01createContact"/>
  <testcase name="@AfterSuite closeDB" time="0.0" classname="com.crm.vtiger.genericUtils.BaseClass">
    <ignored/>
  </testcase> <!-- @AfterSuite closeDB -->
  <testcase name="@BeforeSuite connectDB" time="0.0" classname="com.crm.vtiger.genericUtils.BaseClass">
    <ignored/>
  </testcase> <!-- @BeforeSuite connectDB -->
  <testcase name="executingTestCase" time="0.0" classname="com.Vtiger.comContacts.TC_02createContact">
    <ignored/>
  </testcase> <!-- executingTestCase -->
</testsuite> <!-- Test -->
